
=== Fri Jan 13 18:22:32 2023

Packages were changed.
Update Mode: updateDependencies

The following packages were added:
  com.unity.2d.sprite@1.0.0
  com.unity.2d.tilemap@1.0.0
  com.unity.collab-proxy@1.17.7
  com.unity.ide.rider@3.0.16
  com.unity.ide.visualstudio@2.0.16
  com.unity.ide.vscode@1.2.5
  com.unity.modules.androidjni@1.0.0
  com.unity.modules.animation@1.0.0
  com.unity.modules.audio@1.0.0
  com.unity.modules.director@1.0.0
  com.unity.modules.jsonserialize@1.0.0
  com.unity.modules.particlesystem@1.0.0
  com.unity.modules.unitywebrequest@1.0.0
  com.unity.modules.video@1.0.0
  com.unity.test-framework@1.1.31
  com.unity.timeline@1.6.4
  com.unity.ugui@1.0.0
  com.unity.xr.legacyinputhelpers@2.1.10
The following packages were removed:
  com.unity.package-manager-ui@1.9.11
